src/app/page.tsx(87,30): error TS2322: Type '{ children: Element[]; direction: string; className: string; }' is not assignable to type 'IntrinsicAttributes & HTMLAttributes<HTMLDivElement> & { children?: ReactNode; className?: string | undefined; ... 10 more ...; style?: CSSProperties | undefined; }'.
  Property 'direction' does not exist on type 'IntrinsicAttributes & HTMLAttributes<HTMLDivElement> & { children?: ReactNode; className?: string | undefined; ... 10 more ...; style?: CSSProperties | undefined; }'.
src/components/ui/accordion.tsx(3,49): error TS2307: Cannot find module '@base-ui/react/accordion' or its corresponding type declarations.
src/components/ui/accordion.tsx(5,20): error TS2307: Cannot find module '@/lib/utils' or its corresponding type declarations.
src/components/ui/avatar.tsx(4,43): error TS2307: Cannot find module '@base-ui/react/avatar' or its corresponding type declarations.
src/components/ui/avatar.tsx(6,20): error TS2307: Cannot find module '@/lib/utils' or its corresponding type declarations.
src/components/ui/badge.tsx(1,28): error TS2307: Cannot find module '@base-ui/react/merge-props' or its corresponding type declarations.
src/components/ui/badge.tsx(2,27): error TS2307: Cannot find module '@base-ui/react/use-render' or its corresponding type declarations.
src/components/ui/badge.tsx(5,20): error TS2307: Cannot find module '@/lib/utils' or its corresponding type declarations.
src/components/ui/button.tsx(3,43): error TS2307: Cannot find module '@base-ui/react/button' or its corresponding type declarations.
src/components/ui/button.tsx(6,20): error TS2307: Cannot find module '@/lib/utils' or its corresponding type declarations.
src/components/ui/card.tsx(3,20): error TS2307: Cannot find module '@/lib/utils' or its corresponding type declarations.
src/components/ui/checkbox.tsx(3,47): error TS2307: Cannot find module '@base-ui/react/checkbox' or its corresponding type declarations.
src/components/ui/checkbox.tsx(5,20): error TS2307: Cannot find module '@/lib/utils' or its corresponding type declarations.
src/components/ui/dialog.tsx(4,43): error TS2307: Cannot find module '@base-ui/react/dialog' or its corresponding type declarations.
src/components/ui/dialog.tsx(6,20): error TS2307: Cannot find module '@/lib/utils' or its corresponding type declarations.
src/components/ui/dropdown-menu.tsx(4,39): error TS2307: Cannot find module '@base-ui/react/menu' or its corresponding type declarations.
src/components/ui/dropdown-menu.tsx(6,20): error TS2307: Cannot find module '@/lib/utils' or its corresponding type declarations.
src/components/ui/input.tsx(2,41): error TS2307: Cannot find module '@base-ui/react/input' or its corresponding type declarations.
src/components/ui/input.tsx(4,20): error TS2307: Cannot find module '@/lib/utils' or its corresponding type declarations.
src/components/ui/label.tsx(5,20): error TS2307: Cannot find module '@/lib/utils' or its corresponding type declarations.
src/components/ui/resizable.tsx(5,20): error TS2307: Cannot find module '@/lib/utils' or its corresponding type declarations.
src/components/ui/scroll-area.tsx(4,51): error TS2307: Cannot find module '@base-ui/react/scroll-area' or its corresponding type declarations.
src/components/ui/scroll-area.tsx(6,20): error TS2307: Cannot find module '@/lib/utils' or its corresponding type declarations.
src/components/ui/separator.tsx(3,49): error TS2307: Cannot find module '@base-ui/react/separator' or its corresponding type declarations.
src/components/ui/separator.tsx(5,20): error TS2307: Cannot find module '@/lib/utils' or its corresponding type declarations.
src/components/ui/skeleton.tsx(1,20): error TS2307: Cannot find module '@/lib/utils' or its corresponding type declarations.
src/components/ui/table.tsx(5,20): error TS2307: Cannot find module '@/lib/utils' or its corresponding type declarations.
src/components/ui/tabs.tsx(3,39): error TS2307: Cannot find module '@base-ui/react/tabs' or its corresponding type declarations.
src/components/ui/tabs.tsx(6,20): error TS2307: Cannot find module '@/lib/utils' or its corresponding type declarations.
src/components/ui/textarea.tsx(3,20): error TS2307: Cannot find module '@/lib/utils' or its corresponding type declarations.
src/components/ui/tooltip.tsx(3,45): error TS2307: Cannot find module '@base-ui/react/tooltip' or its corresponding type declarations.
src/components/ui/tooltip.tsx(5,20): error TS2307: Cannot find module '@/lib/utils' or its corresponding type declarations.
